0 info it worked if it ends with ok
1 verbose cli [ 'C:\\Program Files\\nodejs\\node.exe',
1 verbose cli   'C:\\Program Files\\nodejs\\node_modules\\npm\\bin\\npm-cli.js',
1 verbose cli   'install',
1 verbose cli   'tslinq' ]
2 info using npm@3.10.10
3 info using node@v6.10.1
4 silly loadCurrentTree Starting
5 silly install loadCurrentTree
6 silly install readLocalPackageData
7 silly fetchPackageMetaData tslinq
8 silly fetchNamedPackageData tslinq
9 silly mapToRegistry name tslinq
10 silly mapToRegistry using default registry
11 silly mapToRegistry registry https://registry.npmjs.org/
12 silly mapToRegistry data Result {
12 silly mapToRegistry   raw: 'tslinq',
12 silly mapToRegistry   scope: null,
12 silly mapToRegistry   escapedName: 'tslinq',
12 silly mapToRegistry   name: 'tslinq',
12 silly mapToRegistry   rawSpec: '',
12 silly mapToRegistry   spec: 'latest',
12 silly mapToRegistry   type: 'tag' }
13 silly mapToRegistry uri https://registry.npmjs.org/tslinq
14 verbose request uri https://registry.npmjs.org/tslinq
15 verbose request no auth needed
16 info attempt registry request try #1 at 4:31:27 PM
17 verbose request using bearer token for auth
18 verbose request id 106047642dfc479e
19 http request GET https://registry.npmjs.org/tslinq
20 http 200 https://registry.npmjs.org/tslinq
21 verbose headers { server: 'nginx/1.10.3',
21 verbose headers   'content-type': 'application/json',
21 verbose headers   'last-modified': 'Mon, 01 May 2017 06:30:54 GMT',
21 verbose headers   etag: 'W/"5906d61e-89f"',
21 verbose headers   'content-encoding': 'gzip',
21 verbose headers   'cache-control': 'max-age=300',
21 verbose headers   'transfer-encoding': 'chunked',
21 verbose headers   'accept-ranges': 'bytes',
21 verbose headers   date: 'Mon, 01 May 2017 06:31:27 GMT',
21 verbose headers   via: '1.1 varnish',
21 verbose headers   connection: 'keep-alive',
21 verbose headers   'x-served-by': 'cache-mel6521-MEL',
21 verbose headers   'x-cache': 'MISS',
21 verbose headers   'x-cache-hits': '0',
21 verbose headers   'x-timer': 'S1493620287.260808,VS0,VE13',
21 verbose headers   vary: 'Accept-Encoding' }
22 silly get cb [ 200,
22 silly get   { server: 'nginx/1.10.3',
22 silly get     'content-type': 'application/json',
22 silly get     'last-modified': 'Mon, 01 May 2017 06:30:54 GMT',
22 silly get     etag: 'W/"5906d61e-89f"',
22 silly get     'content-encoding': 'gzip',
22 silly get     'cache-control': 'max-age=300',
22 silly get     'transfer-encoding': 'chunked',
22 silly get     'accept-ranges': 'bytes',
22 silly get     date: 'Mon, 01 May 2017 06:31:27 GMT',
22 silly get     via: '1.1 varnish',
22 silly get     connection: 'keep-alive',
22 silly get     'x-served-by': 'cache-mel6521-MEL',
22 silly get     'x-cache': 'MISS',
22 silly get     'x-cache-hits': '0',
22 silly get     'x-timer': 'S1493620287.260808,VS0,VE13',
22 silly get     vary: 'Accept-Encoding' } ]
23 verbose get saving tslinq to C:\Users\robert.rudman\AppData\Roaming\npm-cache\registry.npmjs.org\tslinq\.cache.json
24 verbose correctMkdir C:\Users\robert.rudman\AppData\Roaming\npm-cache correctMkdir not in flight; initializing
25 silly install normalizeTree
26 silly loadCurrentTree Finishing
27 silly loadIdealTree Starting
28 silly install loadIdealTree
29 silly cloneCurrentTree Starting
30 silly install cloneCurrentTreeToIdealTree
31 silly cloneCurrentTree Finishing
32 silly loadShrinkwrap Starting
33 silly install loadShrinkwrap
34 silly loadShrinkwrap Finishing
35 silly loadAllDepsIntoIdealTree Starting
36 silly install loadAllDepsIntoIdealTree
37 silly rollbackFailedOptional Starting
38 silly rollbackFailedOptional Finishing
39 silly runTopLevelLifecycles Finishing
40 silly install printInstalled
41 verbose stack Error: Refusing to install tslinq as a dependency of itself
41 verbose stack     at checkSelf (C:\Program Files\nodejs\node_modules\npm\lib\install\validate-args.js:53:14)
41 verbose stack     at Array.<anonymous> (C:\Program Files\nodejs\node_modules\npm\node_modules\slide\lib\bind-actor.js:15:8)
41 verbose stack     at LOOP (C:\Program Files\nodejs\node_modules\npm\node_modules\slide\lib\chain.js:15:14)
41 verbose stack     at chain (C:\Program Files\nodejs\node_modules\npm\node_modules\slide\lib\chain.js:20:5)
41 verbose stack     at C:\Program Files\nodejs\node_modules\npm\lib\install\validate-args.js:16:5
41 verbose stack     at C:\Program Files\nodejs\node_modules\npm\node_modules\slide\lib\async-map.js:52:35
41 verbose stack     at Array.forEach (native)
41 verbose stack     at C:\Program Files\nodejs\node_modules\npm\node_modules\slide\lib\async-map.js:52:11
41 verbose stack     at Array.forEach (native)
41 verbose stack     at asyncMap (C:\Program Files\nodejs\node_modules\npm\node_modules\slide\lib\async-map.js:51:8)
42 verbose cwd D:\Code\TSLinq
43 error Windows_NT 10.0.10586
44 error argv "C:\\Program Files\\nodejs\\node.exe" "C:\\Program Files\\nodejs\\node_modules\\npm\\bin\\npm-cli.js" "install" "tslinq"
45 error node v6.10.1
46 error npm  v3.10.10
47 error code ENOSELF
48 error Refusing to install tslinq as a dependency of itself
49 error If you need help, you may report this error at:
49 error     <https://github.com/npm/npm/issues>
50 verbose exit [ 1, true ]
